[32mINFO[0m:     [19-10-2024 09:35:09] Set chroma_server_nofile to 65535
[32mINFO[0m:     [19-10-2024 09:35:10] Anonymized telemetry enabled. See                     https://docs.trychroma.com/telemetry for more information.
[36mDEBUG[0m:    [19-10-2024 09:35:10] Starting component System
[36mDEBUG[0m:    [19-10-2024 09:35:10] Starting component OpenTelemetryClient
[36mDEBUG[0m:    [19-10-2024 09:35:10] Starting component SqliteDB
[36mDEBUG[0m:    [19-10-2024 09:35:10] Starting component QuotaEnforcer
[36mDEBUG[0m:    [19-10-2024 09:35:10] Starting component Posthog
[36mDEBUG[0m:    [19-10-2024 09:35:10] Starting component SimpleRateLimitEnforcer
[36mDEBUG[0m:    [19-10-2024 09:35:10] Starting component LocalSegmentManager
[36mDEBUG[0m:    [19-10-2024 09:35:10] Starting component LocalExecutor
[36mDEBUG[0m:    [19-10-2024 09:35:10] Starting component SegmentAPI
[32mINFO[0m:     [19-10-2024 09:35:10] Started server process [[36m2900[0m]
[32mINFO[0m:     [19-10-2024 09:35:10] Waiting for application startup.
[32mINFO[0m:     [19-10-2024 09:35:10] Application startup complete.
[32mINFO[0m:     [19-10-2024 09:35:10] Uvicorn running on [1mhttp://localhost:8000[0m (Press CTRL+C to quit)
[32mINFO[0m:     [19-10-2024 09:35:17] ::1:54484 - "GET / HTTP/1.1" 404
[32mINFO[0m:     [19-10-2024 09:35:17] ::1:54484 - "GET /favicon.ico HTTP/1.1" 404
[32mINFO[0m:     [19-10-2024 09:45:36] Shutting down
[32mINFO[0m:     [19-10-2024 09:45:36] Waiting for application shutdown.
[36mDEBUG[0m:    [19-10-2024 09:45:36] Stopping component System
[36mDEBUG[0m:    [19-10-2024 09:45:36] Stopping component SegmentAPI
[36mDEBUG[0m:    [19-10-2024 09:45:36] Stopping component LocalExecutor
[36mDEBUG[0m:    [19-10-2024 09:45:36] Stopping component LocalSegmentManager
[36mDEBUG[0m:    [19-10-2024 09:45:36] Stopping component SimpleRateLimitEnforcer
[36mDEBUG[0m:    [19-10-2024 09:45:36] Stopping component Posthog
[36mDEBUG[0m:    [19-10-2024 09:45:36] Stopping component QuotaEnforcer
[36mDEBUG[0m:    [19-10-2024 09:45:36] Stopping component SqliteDB
[36mDEBUG[0m:    [19-10-2024 09:45:36] Stopping component OpenTelemetryClient
[32mINFO[0m:     [19-10-2024 09:45:36] Application shutdown complete.
[32mINFO[0m:     [19-10-2024 09:45:36] Finished server process [[36m2900[0m]
